2024-06-27 15:16:34.541+0000 INFO  {plugin-com.neo4j.plugin.jwt.auth.JwtAuthPlugin} jwt.auth.private_key=certificates/security.key.pem
2024-06-27 15:16:37.060+0000 INFO  CREATE USER neo4j PASSWORD ****** CHANGE NOT REQUIRED
2024-06-27 15:16:37.244+0000 INFO  CREATE ROLE admin
2024-06-27 15:16:37.245+0000 INFO  GRANT TRANSACTION MANAGEMENT ON DATABASE * TO admin
2024-06-27 15:16:37.249+0000 INFO  GRANT START ON DATABASE * TO admin
2024-06-27 15:16:37.249+0000 INFO  GRANT STOP ON DATABASE * TO admin
2024-06-27 15:16:37.249+0000 INFO  GRANT ALL ON DBMS TO admin
2024-06-27 15:16:37.249+0000 INFO  GRANT CONSTRAINT MANAGEMENT ON DATABASE * TO admin
2024-06-27 15:16:37.249+0000 INFO  GRANT INDEX MANAGEMENT ON DATABASE * TO admin
2024-06-27 15:16:37.249+0000 INFO  GRANT NAME MANAGEMENT ON DATABASE * TO admin
2024-06-27 15:16:37.249+0000 INFO  GRANT WRITE ON GRAPH * TO admin
2024-06-27 15:16:37.249+0000 INFO  GRANT MATCH {*} ON GRAPH * TO admin
2024-06-27 15:16:37.249+0000 INFO  GRANT ACCESS ON DATABASE * TO admin
2024-06-27 15:16:37.249+0000 INFO  GRANT SHOW INDEX ON DATABASE * TO admin
2024-06-27 15:16:37.250+0000 INFO  GRANT SHOW CONSTRAINTS ON DATABASE * TO admin
2024-06-27 15:16:37.250+0000 INFO  GRANT LOAD ON ALL DATA TO admin
2024-06-27 15:16:37.250+0000 INFO  CREATE ROLE architect
2024-06-27 15:16:37.250+0000 INFO  GRANT CONSTRAINT MANAGEMENT ON DATABASE * TO architect
2024-06-27 15:16:37.250+0000 INFO  GRANT INDEX MANAGEMENT ON DATABASE * TO architect
2024-06-27 15:16:37.250+0000 INFO  GRANT NAME MANAGEMENT ON DATABASE * TO architect
2024-06-27 15:16:37.250+0000 INFO  GRANT WRITE ON GRAPH * TO architect
2024-06-27 15:16:37.250+0000 INFO  GRANT MATCH {*} ON GRAPH * TO architect
2024-06-27 15:16:37.250+0000 INFO  GRANT ACCESS ON DATABASE * TO architect
2024-06-27 15:16:37.250+0000 INFO  GRANT SHOW INDEX ON DATABASE * TO architect
2024-06-27 15:16:37.250+0000 INFO  GRANT SHOW CONSTRAINTS ON DATABASE * TO architect
2024-06-27 15:16:37.251+0000 INFO  CREATE ROLE publisher
2024-06-27 15:16:37.251+0000 INFO  GRANT NAME MANAGEMENT ON DATABASE * TO publisher
2024-06-27 15:16:37.251+0000 INFO  GRANT WRITE ON GRAPH * TO publisher
2024-06-27 15:16:37.251+0000 INFO  GRANT MATCH {*} ON GRAPH * TO publisher
2024-06-27 15:16:37.251+0000 INFO  GRANT ACCESS ON DATABASE * TO publisher
2024-06-27 15:16:37.251+0000 INFO  GRANT SHOW INDEX ON DATABASE * TO publisher
2024-06-27 15:16:37.251+0000 INFO  GRANT SHOW CONSTRAINTS ON DATABASE * TO publisher
2024-06-27 15:16:37.251+0000 INFO  CREATE ROLE editor
2024-06-27 15:16:37.251+0000 INFO  GRANT WRITE ON GRAPH * TO editor
2024-06-27 15:16:37.251+0000 INFO  GRANT MATCH {*} ON GRAPH * TO editor
2024-06-27 15:16:37.251+0000 INFO  GRANT ACCESS ON DATABASE * TO editor
2024-06-27 15:16:37.251+0000 INFO  GRANT SHOW INDEX ON DATABASE * TO editor
2024-06-27 15:16:37.252+0000 INFO  GRANT SHOW CONSTRAINTS ON DATABASE * TO editor
2024-06-27 15:16:37.252+0000 INFO  CREATE ROLE reader
2024-06-27 15:16:37.252+0000 INFO  GRANT MATCH {*} ON GRAPH * TO reader
2024-06-27 15:16:37.252+0000 INFO  GRANT ACCESS ON DATABASE * TO reader
2024-06-27 15:16:37.252+0000 INFO  GRANT SHOW INDEX ON DATABASE * TO reader
2024-06-27 15:16:37.252+0000 INFO  GRANT SHOW CONSTRAINTS ON DATABASE * TO reader
2024-06-27 15:16:37.252+0000 INFO  CREATE ROLE PUBLIC
2024-06-27 15:16:37.253+0000 INFO  GRANT ACCESS ON HOME DATABASE TO PUBLIC
2024-06-27 15:16:37.253+0000 INFO  GRANT EXECUTE PROCEDURE * ON DBMS TO PUBLIC
2024-06-27 15:16:37.253+0000 INFO  GRANT EXECUTE FUNCTION * ON DBMS TO PUBLIC
2024-06-27 15:16:37.253+0000 INFO  GRANT LOAD ON ALL DATA TO PUBLIC
2024-06-27 15:16:37.253+0000 INFO  GRANT ROLE admin TO neo4j
2024-06-27 15:16:39.424+0000 INFO  {plugin-com.neo4j.plugin.jwt.auth.JwtAuthPlugin} Log in attempted for user 'neo4j'.
2024-06-27 15:16:39.424+0000 ERROR {plugin-com.neo4j.plugin.jwt.auth.JwtAuthPlugin} Invalid serialized unsecured/JWS/JWE object: Missing part delimiters
2024-06-27 15:16:39.427+0000 INFO  [neo4j]: logged in
2024-06-27 15:16:42.567+0000 INFO  {plugin-com.neo4j.plugin.jwt.auth.JwtAuthPlugin} Log in attempted for user 'neo4j'.
2024-06-27 15:16:42.568+0000 ERROR {plugin-com.neo4j.plugin.jwt.auth.JwtAuthPlugin} Invalid serialized unsecured/JWS/JWE object: Missing part delimiters
2024-06-27 15:16:42.568+0000 INFO  [neo4j]: logged in
2024-06-27 15:16:43.477+0000 INFO  {plugin-com.neo4j.plugin.jwt.auth.JwtAuthPlugin} Log in attempted for user 'neo4j'.
2024-06-27 15:16:43.477+0000 ERROR {plugin-com.neo4j.plugin.jwt.auth.JwtAuthPlugin} Invalid serialized unsecured/JWS/JWE object: Missing part delimiters
2024-06-27 15:16:43.477+0000 INFO  [neo4j]: logged in
2024-06-27 15:16:55.945+0000 INFO  {plugin-com.neo4j.plugin.jwt.auth.JwtAuthPlugin} Log in attempted for user 'neo4j'.
2024-06-27 15:16:55.946+0000 ERROR {plugin-com.neo4j.plugin.jwt.auth.JwtAuthPlugin} Invalid serialized unsecured/JWS/JWE object: Missing part delimiters
2024-06-27 15:16:55.947+0000 INFO  [neo4j]: logged in
2024-06-27 15:16:57.404+0000 INFO  {plugin-com.neo4j.plugin.jwt.auth.JwtAuthPlugin} Log in attempted for user 'neo4j'.
2024-06-27 15:16:57.404+0000 ERROR {plugin-com.neo4j.plugin.jwt.auth.JwtAuthPlugin} Invalid serialized unsecured/JWS/JWE object: Missing part delimiters
2024-06-27 15:16:57.404+0000 INFO  [neo4j]: logged in
2024-06-27 15:16:57.405+0000 INFO  {plugin-com.neo4j.plugin.jwt.auth.JwtAuthPlugin} Log in attempted for user 'neo4j'.
2024-06-27 15:16:57.405+0000 ERROR {plugin-com.neo4j.plugin.jwt.auth.JwtAuthPlugin} Invalid serialized unsecured/JWS/JWE object: Missing part delimiters
2024-06-27 15:16:57.405+0000 INFO  [neo4j]: logged in
2024-06-27 15:16:57.406+0000 INFO  {plugin-com.neo4j.plugin.jwt.auth.JwtAuthPlugin} Log in attempted for user 'neo4j'.
2024-06-27 15:16:57.406+0000 ERROR {plugin-com.neo4j.plugin.jwt.auth.JwtAuthPlugin} Invalid serialized unsecured/JWS/JWE object: Missing part delimiters
2024-06-27 15:16:57.406+0000 INFO  [neo4j]: logged in
2024-06-27 15:16:57.433+0000 INFO  {plugin-com.neo4j.plugin.jwt.auth.JwtAuthPlugin} Log in attempted for user 'neo4j'.
2024-06-27 15:16:57.433+0000 ERROR {plugin-com.neo4j.plugin.jwt.auth.JwtAuthPlugin} Invalid serialized unsecured/JWS/JWE object: Missing part delimiters
2024-06-27 15:16:57.433+0000 INFO  [neo4j]: logged in
2024-06-27 15:16:57.439+0000 INFO  {plugin-com.neo4j.plugin.jwt.auth.JwtAuthPlugin} Log in attempted for user 'neo4j'.
2024-06-27 15:16:57.440+0000 ERROR {plugin-com.neo4j.plugin.jwt.auth.JwtAuthPlugin} Invalid serialized unsecured/JWS/JWE object: Missing part delimiters
2024-06-27 15:16:57.440+0000 INFO  [neo4j]: logged in
2024-06-27 15:16:57.501+0000 INFO  {plugin-com.neo4j.plugin.jwt.auth.JwtAuthPlugin} Log in attempted for user 'neo4j'.
2024-06-27 15:16:57.501+0000 ERROR {plugin-com.neo4j.plugin.jwt.auth.JwtAuthPlugin} Invalid serialized unsecured/JWS/JWE object: Missing part delimiters
2024-06-27 15:16:57.502+0000 INFO  [neo4j]: logged in
2024-06-27 15:16:57.507+0000 INFO  {plugin-com.neo4j.plugin.jwt.auth.JwtAuthPlugin} Log in attempted for user 'neo4j'.
2024-06-27 15:16:57.507+0000 ERROR {plugin-com.neo4j.plugin.jwt.auth.JwtAuthPlugin} Invalid serialized unsecured/JWS/JWE object: Missing part delimiters
2024-06-27 15:16:57.507+0000 INFO  [neo4j]: logged in
2024-06-27 15:17:29.222+0000 INFO  {plugin-com.neo4j.plugin.jwt.auth.JwtAuthPlugin} Log in attempted for user 'neo4j'.
2024-06-27 15:17:29.223+0000 ERROR {plugin-com.neo4j.plugin.jwt.auth.JwtAuthPlugin} Invalid serialized unsecured/JWS/JWE object: Missing part delimiters
2024-06-27 15:17:29.223+0000 INFO  [neo4j]: logged in
2024-06-27 16:00:55.642+0000 INFO  {plugin-com.neo4j.plugin.jwt.auth.JwtAuthPlugin} Log in attempted for user 'neo4j'.
2024-06-27 16:00:55.643+0000 ERROR {plugin-com.neo4j.plugin.jwt.auth.JwtAuthPlugin} Invalid serialized unsecured/JWS/JWE object: Missing part delimiters
2024-06-27 16:00:55.643+0000 INFO  [neo4j]: logged in
2024-06-27 16:02:11.418+0000 INFO  {plugin-com.neo4j.plugin.jwt.auth.JwtAuthPlugin} Log in attempted for user 'neo4j'.
2024-06-27 16:02:11.419+0000 ERROR {plugin-com.neo4j.plugin.jwt.auth.JwtAuthPlugin} Invalid serialized unsecured/JWS/JWE object: Missing part delimiters
2024-06-27 16:02:11.419+0000 INFO  [neo4j]: logged in
2024-06-27 16:03:41.019+0000 INFO  {plugin-com.neo4j.plugin.jwt.auth.JwtAuthPlugin} Log in attempted for user 'neo4j'.
2024-06-27 16:03:41.020+0000 ERROR {plugin-com.neo4j.plugin.jwt.auth.JwtAuthPlugin} Invalid serialized unsecured/JWS/JWE object: Missing part delimiters
2024-06-27 16:03:41.020+0000 INFO  [neo4j]: logged in
2024-06-27 16:03:41.078+0000 INFO  {plugin-com.neo4j.plugin.jwt.auth.JwtAuthPlugin} Log in attempted for user 'neo4j'.
2024-06-27 16:03:41.078+0000 ERROR {plugin-com.neo4j.plugin.jwt.auth.JwtAuthPlugin} Invalid serialized unsecured/JWS/JWE object: Missing part delimiters
2024-06-27 16:03:41.078+0000 INFO  [neo4j]: logged in
2024-06-27 16:03:55.951+0000 INFO  {plugin-com.neo4j.plugin.jwt.auth.JwtAuthPlugin} jwt.auth.private_key=certificates/security.key.pem
2024-06-27 16:04:06.055+0000 INFO  {plugin-com.neo4j.plugin.jwt.auth.JwtAuthPlugin} Log in attempted for user 'neo4j'.
2024-06-27 16:04:06.055+0000 ERROR {plugin-com.neo4j.plugin.jwt.auth.JwtAuthPlugin} Invalid serialized unsecured/JWS/JWE object: Missing part delimiters
2024-06-27 16:04:06.059+0000 INFO  [neo4j]: logged in
2024-06-27 16:04:06.409+0000 INFO  {plugin-com.neo4j.plugin.jwt.auth.JwtAuthPlugin} Log in attempted for user 'neo4j'.
2024-06-27 16:04:06.409+0000 ERROR {plugin-com.neo4j.plugin.jwt.auth.JwtAuthPlugin} Invalid serialized unsecured/JWS/JWE object: Missing part delimiters
2024-06-27 16:04:06.410+0000 INFO  [neo4j]: logged in
2024-06-27 16:04:07.697+0000 INFO  {plugin-com.neo4j.plugin.jwt.auth.JwtAuthPlugin} Log in attempted for user 'neo4j'.
2024-06-27 16:04:07.697+0000 ERROR {plugin-com.neo4j.plugin.jwt.auth.JwtAuthPlugin} Invalid serialized unsecured/JWS/JWE object: Missing part delimiters
2024-06-27 16:04:07.697+0000 INFO  [neo4j]: logged in
2024-06-27 16:04:07.697+0000 INFO  {plugin-com.neo4j.plugin.jwt.auth.JwtAuthPlugin} Log in attempted for user 'neo4j'.
2024-06-27 16:04:07.697+0000 ERROR {plugin-com.neo4j.plugin.jwt.auth.JwtAuthPlugin} Invalid serialized unsecured/JWS/JWE object: Missing part delimiters
2024-06-27 16:04:07.698+0000 INFO  [neo4j]: logged in
2024-06-27 16:04:07.709+0000 INFO  {plugin-com.neo4j.plugin.jwt.auth.JwtAuthPlugin} Log in attempted for user 'neo4j'.
2024-06-27 16:04:07.709+0000 ERROR {plugin-com.neo4j.plugin.jwt.auth.JwtAuthPlugin} Invalid serialized unsecured/JWS/JWE object: Missing part delimiters
2024-06-27 16:04:07.710+0000 INFO  [neo4j]: logged in
2024-06-27 16:04:07.776+0000 INFO  {plugin-com.neo4j.plugin.jwt.auth.JwtAuthPlugin} Log in attempted for user 'neo4j'.
2024-06-27 16:04:07.776+0000 ERROR {plugin-com.neo4j.plugin.jwt.auth.JwtAuthPlugin} Invalid serialized unsecured/JWS/JWE object: Missing part delimiters
2024-06-27 16:04:07.776+0000 INFO  [neo4j]: logged in
2024-06-27 16:04:07.810+0000 INFO  {plugin-com.neo4j.plugin.jwt.auth.JwtAuthPlugin} Log in attempted for user 'neo4j'.
2024-06-27 16:04:07.810+0000 ERROR {plugin-com.neo4j.plugin.jwt.auth.JwtAuthPlugin} Invalid serialized unsecured/JWS/JWE object: Missing part delimiters
2024-06-27 16:04:07.810+0000 INFO  [neo4j]: logged in
2024-06-27 16:04:07.819+0000 INFO  {plugin-com.neo4j.plugin.jwt.auth.JwtAuthPlugin} Log in attempted for user 'neo4j'.
2024-06-27 16:04:07.819+0000 ERROR {plugin-com.neo4j.plugin.jwt.auth.JwtAuthPlugin} Invalid serialized unsecured/JWS/JWE object: Missing part delimiters
2024-06-27 16:04:07.819+0000 INFO  [neo4j]: logged in
2024-06-27 16:04:07.854+0000 INFO  {plugin-com.neo4j.plugin.jwt.auth.JwtAuthPlugin} Log in attempted for user 'neo4j'.
2024-06-27 16:04:07.854+0000 ERROR {plugin-com.neo4j.plugin.jwt.auth.JwtAuthPlugin} Invalid serialized unsecured/JWS/JWE object: Missing part delimiters
2024-06-27 16:04:07.855+0000 INFO  [neo4j]: logged in
2024-06-27 16:04:07.867+0000 INFO  {plugin-com.neo4j.plugin.jwt.auth.JwtAuthPlugin} Log in attempted for user 'neo4j'.
2024-06-27 16:04:07.868+0000 ERROR {plugin-com.neo4j.plugin.jwt.auth.JwtAuthPlugin} Invalid serialized unsecured/JWS/JWE object: Missing part delimiters
2024-06-27 16:04:07.868+0000 INFO  [neo4j]: logged in
2024-06-27 16:04:07.874+0000 INFO  {plugin-com.neo4j.plugin.jwt.auth.JwtAuthPlugin} Log in attempted for user 'neo4j'.
2024-06-27 16:04:07.875+0000 ERROR {plugin-com.neo4j.plugin.jwt.auth.JwtAuthPlugin} Invalid serialized unsecured/JWS/JWE object: Missing part delimiters
2024-06-27 16:04:07.875+0000 INFO  [neo4j]: logged in
2024-06-27 16:04:07.884+0000 INFO  {plugin-com.neo4j.plugin.jwt.auth.JwtAuthPlugin} Log in attempted for user 'neo4j'.
2024-06-27 16:04:07.885+0000 ERROR {plugin-com.neo4j.plugin.jwt.auth.JwtAuthPlugin} Invalid serialized unsecured/JWS/JWE object: Missing part delimiters
2024-06-27 16:04:07.885+0000 INFO  [neo4j]: logged in
2024-06-27 16:04:08.095+0000 INFO  {plugin-com.neo4j.plugin.jwt.auth.JwtAuthPlugin} Log in attempted for user 'neo4j'.
2024-06-27 16:04:08.095+0000 ERROR {plugin-com.neo4j.plugin.jwt.auth.JwtAuthPlugin} Invalid serialized unsecured/JWS/JWE object: Missing part delimiters
2024-06-27 16:04:08.095+0000 INFO  [neo4j]: logged in
2024-06-27 16:04:08.100+0000 INFO  {plugin-com.neo4j.plugin.jwt.auth.JwtAuthPlugin} Log in attempted for user 'neo4j'.
2024-06-27 16:04:08.100+0000 ERROR {plugin-com.neo4j.plugin.jwt.auth.JwtAuthPlugin} Invalid serialized unsecured/JWS/JWE object: Missing part delimiters
2024-06-27 16:04:08.100+0000 INFO  [neo4j]: logged in
2024-06-27 16:04:08.103+0000 INFO  {plugin-com.neo4j.plugin.jwt.auth.JwtAuthPlugin} Log in attempted for user 'neo4j'.
2024-06-27 16:04:08.103+0000 ERROR {plugin-com.neo4j.plugin.jwt.auth.JwtAuthPlugin} Invalid serialized unsecured/JWS/JWE object: Missing part delimiters
2024-06-27 16:04:08.103+0000 INFO  [neo4j]: logged in
2024-06-27 16:04:09.680+0000 INFO  {plugin-com.neo4j.plugin.jwt.auth.JwtAuthPlugin} Log in attempted for user 'neo4j'.
2024-06-27 16:04:09.680+0000 ERROR {plugin-com.neo4j.plugin.jwt.auth.JwtAuthPlugin} Invalid serialized unsecured/JWS/JWE object: Missing part delimiters
2024-06-27 16:04:09.680+0000 INFO  [neo4j]: logged in
2024-06-27 16:04:13.477+0000 INFO  {plugin-com.neo4j.plugin.jwt.auth.JwtAuthPlugin} Log in attempted for user 'neo4j'.
2024-06-27 16:04:13.477+0000 ERROR {plugin-com.neo4j.plugin.jwt.auth.JwtAuthPlugin} Invalid serialized unsecured/JWS/JWE object: Missing part delimiters
2024-06-27 16:04:13.477+0000 INFO  [neo4j]: logged in
2024-06-27 16:32:30.955+0000 INFO  {plugin-com.neo4j.plugin.jwt.auth.JwtAuthPlugin} Log in attempted for user 'neo4j'.
2024-06-27 16:32:30.955+0000 ERROR {plugin-com.neo4j.plugin.jwt.auth.JwtAuthPlugin} Invalid serialized unsecured/JWS/JWE object: Missing part delimiters
2024-06-27 16:32:30.955+0000 INFO  [neo4j]: logged in
2024-06-27 16:32:31.006+0000 INFO  {plugin-com.neo4j.plugin.jwt.auth.JwtAuthPlugin} Log in attempted for user 'neo4j'.
2024-06-27 16:32:31.006+0000 ERROR {plugin-com.neo4j.plugin.jwt.auth.JwtAuthPlugin} Invalid serialized unsecured/JWS/JWE object: Missing part delimiters
2024-06-27 16:32:31.006+0000 INFO  [neo4j]: logged in
2024-06-27 16:32:45.122+0000 INFO  {plugin-com.neo4j.plugin.jwt.auth.JwtAuthPlugin} jwt.auth.private_key=certificates/security.key.pem
2024-06-27 16:32:57.444+0000 INFO  {plugin-com.neo4j.plugin.jwt.auth.JwtAuthPlugin} Log in attempted for user 'neo4j'.
2024-06-27 16:32:57.444+0000 ERROR {plugin-com.neo4j.plugin.jwt.auth.JwtAuthPlugin} Invalid serialized unsecured/JWS/JWE object: Missing part delimiters
2024-06-27 16:32:57.447+0000 INFO  [neo4j]: logged in
2024-06-27 16:33:29.640+0000 INFO  {plugin-com.neo4j.plugin.jwt.auth.JwtAuthPlugin} Log in attempted for user 'neo4j'.
2024-06-27 16:33:29.641+0000 ERROR {plugin-com.neo4j.plugin.jwt.auth.JwtAuthPlugin} Invalid serialized unsecured/JWS/JWE object: Missing part delimiters
2024-06-27 16:33:29.641+0000 INFO  [neo4j]: logged in
2024-06-27 16:33:30.715+0000 INFO  {plugin-com.neo4j.plugin.jwt.auth.JwtAuthPlugin} Log in attempted for user 'neo4j'.
2024-06-27 16:33:30.716+0000 ERROR {plugin-com.neo4j.plugin.jwt.auth.JwtAuthPlugin} Invalid serialized unsecured/JWS/JWE object: Missing part delimiters
2024-06-27 16:33:30.716+0000 INFO  [neo4j]: logged in
2024-06-27 16:33:30.716+0000 INFO  {plugin-com.neo4j.plugin.jwt.auth.JwtAuthPlugin} Log in attempted for user 'neo4j'.
2024-06-27 16:33:30.716+0000 ERROR {plugin-com.neo4j.plugin.jwt.auth.JwtAuthPlugin} Invalid serialized unsecured/JWS/JWE object: Missing part delimiters
2024-06-27 16:33:30.716+0000 INFO  [neo4j]: logged in
2024-06-27 16:33:30.718+0000 INFO  {plugin-com.neo4j.plugin.jwt.auth.JwtAuthPlugin} Log in attempted for user 'neo4j'.
2024-06-27 16:33:30.718+0000 ERROR {plugin-com.neo4j.plugin.jwt.auth.JwtAuthPlugin} Invalid serialized unsecured/JWS/JWE object: Missing part delimiters
2024-06-27 16:33:30.718+0000 INFO  [neo4j]: logged in
2024-06-27 16:33:30.756+0000 INFO  {plugin-com.neo4j.plugin.jwt.auth.JwtAuthPlugin} Log in attempted for user 'neo4j'.
2024-06-27 16:33:30.756+0000 ERROR {plugin-com.neo4j.plugin.jwt.auth.JwtAuthPlugin} Invalid serialized unsecured/JWS/JWE object: Missing part delimiters
2024-06-27 16:33:30.756+0000 INFO  [neo4j]: logged in
2024-06-27 16:33:30.760+0000 INFO  {plugin-com.neo4j.plugin.jwt.auth.JwtAuthPlugin} Log in attempted for user 'neo4j'.
2024-06-27 16:33:30.760+0000 ERROR {plugin-com.neo4j.plugin.jwt.auth.JwtAuthPlugin} Invalid serialized unsecured/JWS/JWE object: Missing part delimiters
2024-06-27 16:33:30.760+0000 INFO  [neo4j]: logged in
2024-06-27 16:33:30.776+0000 INFO  {plugin-com.neo4j.plugin.jwt.auth.JwtAuthPlugin} Log in attempted for user 'neo4j'.
2024-06-27 16:33:30.777+0000 ERROR {plugin-com.neo4j.plugin.jwt.auth.JwtAuthPlugin} Invalid serialized unsecured/JWS/JWE object: Missing part delimiters
2024-06-27 16:33:30.777+0000 INFO  [neo4j]: logged in
2024-06-27 16:33:30.840+0000 INFO  {plugin-com.neo4j.plugin.jwt.auth.JwtAuthPlugin} Log in attempted for user 'neo4j'.
2024-06-27 16:33:30.840+0000 ERROR {plugin-com.neo4j.plugin.jwt.auth.JwtAuthPlugin} Invalid serialized unsecured/JWS/JWE object: Missing part delimiters
2024-06-27 16:33:30.840+0000 INFO  [neo4j]: logged in
2024-06-27 16:33:54.757+0000 INFO  {plugin-com.neo4j.plugin.jwt.auth.JwtAuthPlugin} Log in attempted for user 'neo4j'.
2024-06-27 16:33:54.757+0000 ERROR {plugin-com.neo4j.plugin.jwt.auth.JwtAuthPlugin} Invalid serialized unsecured/JWS/JWE object: Missing part delimiters
2024-06-27 16:33:54.757+0000 INFO  [neo4j]: logged in
2024-06-27 16:39:28.281+0000 INFO  {plugin-com.neo4j.plugin.jwt.auth.JwtAuthPlugin} Log in attempted for user 'neo4j'.
2024-06-27 16:39:28.282+0000 ERROR {plugin-com.neo4j.plugin.jwt.auth.JwtAuthPlugin} Invalid serialized unsecured/JWS/JWE object: Missing part delimiters
2024-06-27 16:39:28.282+0000 INFO  [neo4j]: logged in
2024-06-27 16:39:28.293+0000 INFO  {plugin-com.neo4j.plugin.jwt.auth.JwtAuthPlugin} Log in attempted for user 'neo4j'.
2024-06-27 16:39:28.296+0000 ERROR {plugin-com.neo4j.plugin.jwt.auth.JwtAuthPlugin} Invalid serialized unsecured/JWS/JWE object: Missing part delimiters
2024-06-27 16:39:28.296+0000 INFO  [neo4j]: logged in
